build/app/outputs/mapping/release/mapping.txt
# compiler: R8
# compiler_version: 2.1.62
# min_api: 20
# pg_map_id: d356952
# common_typos_disable
...
com.google.android.gms.internal.maps.zzae -> b.b.a.a.d.d.f:
    void clearTileCache() -> N1
    float getZIndex() -> P1
    boolean zza(com.google.android.gms.internal.maps.zzac) -> Q0
    void setFadeIn(boolean) -> U
    void setTransparency(float) -> V
    void setZIndex(float) -> a
    void setVisible(boolean) -> b
    java.lang.String getId() -> c
    int zzj() -> d
    float getTransparency() -> m2
    boolean getFadeIn() -> o0
    boolean isVisible() -> q2
com.google.android.gms.internal.maps.zzaf -> b.b.a.a.d.d.g:
    com.google.android.gms.maps.model.Tile getTile(int,int,int) -> Q
com.google.android.gms.internal.maps.zzag -> b.b.a.a.d.d.h:
    com.google.android.gms.internal.maps.zzaf zzk(android.os.IBinder) -> G
    boolean dispatchTransaction(int,android.os.Parcel,android.os.Parcel,int) -> o
com.google.android.gms.internal.maps.zzah -> b.b.a.a.d.d.i:
    com.google.android.gms.maps.model.Tile getTile(int,int,int) -> Q
com.google.android.gms.internal.maps.zzb -> b.b.a.a.d.d.j:
    boolean dispatchTransaction(int,android.os.Parcel,android.os.Parcel,int) -> o
com.google.android.gms.internal.maps.zzc -> b.b.a.a.d.d.k:
    void writeBoolean(android.os.Parcel,boolean) -> a
    android.os.Parcelable zza(android.os.Parcel,android.os.Parcelable$Creator) -> b
    void zza(android.os.Parcel,android.os.IInterface) -> c
    void zza(android.os.Parcel,android.os.Parcelable) -> d
    boolean zza(android.os.Parcel) -> e
    void zzb(android.os.Parcel,android.os.Parcelable) -> f
com.google.android.gms.internal.maps.zze -> b.b.a.a.d.d.l:
    com.google.android.gms.dynamic.IObjectWrapper zza(float) -> E0
    com.google.android.gms.dynamic.IObjectWrapper zzi() -> F1
    com.google.android.gms.dynamic.IObjectWrapper zza(android.graphics.Bitmap) -> W0
    com.google.android.gms.dynamic.IObjectWrapper zza(java.lang.String) -> w
com.google.android.gms.internal.maps.zzf -> b.b.a.a.d.d.m:
    com.google.android.gms.internal.maps.zze zzb(android.os.IBinder) -> G
com.google.android.gms.internal.maps.zzg -> b.b.a.a.d.d.n:
    com.google.android.gms.dynamic.IObjectWrapper zza(float) -> E0
    com.google.android.gms.dynamic.IObjectWrapper zzi() -> F1
    com.google.android.gms.dynamic.IObjectWrapper zza(android.graphics.Bitmap) -> W0
    com.google.android.gms.dynamic.IObjectWrapper zza(java.lang.String) -> w
com.google.android.gms.internal.maps.zzh -> b.b.a.a.d.d.o:
    boolean zzb(com.google.android.gms.internal.maps.zzh) -> K1
    void setZIndex(float) -> a
    void setVisible(boolean) -> b
    java.lang.String getId() -> c
    int zzj() -> d
    void setFillColor(int) -> e
    void setStrokeWidth(float) -> f
    void setRadius(double) -> f0
    void setStrokeColor(int) -> g
    void setClickable(boolean) -> m
    void setCenter(com.google.android.gms.maps.model.LatLng) -> t
com.google.android.gms.internal.maps.zzi -> b.b.a.a.d.d.p:
    com.google.android.gms.internal.maps.zzh zzc(android.os.IBinder) -> G
com.google.android.gms.internal.maps.zzj -> b.b.a.a.d.d.q:
    boolean zzb(com.google.android.gms.internal.maps.zzh) -> K1
    void setZIndex(float) -> a
    void setVisible(boolean) -> b
    java.lang.String getId() -> c
    int zzj() -> d
    void setFillColor(int) -> e
    void setStrokeWidth(float) -> f
    void setRadius(double) -> f0
    void setStrokeColor(int) -> g
    void setClickable(boolean) -> m
    void setCenter(com.google.android.gms.maps.model.LatLng) -> t