build/app/outputs/mapping/release/usage.txt
kotlin.jvm.internal.markers.KMutableListIterator
kotlin.ParameterName
com.google.android.gms.maps.zzf
io.flutter.embedding.engine.FlutterEngineCache:
    public boolean contains(java.lang.String)
    public void clear()
io.flutter.plugins.flutter_plugin_android_lifecycle.R$string
kotlin.collections.CollectionsKt__IteratorsJVMKt$iterator$1
androidx.core.view.ViewParentCompat
kotlin.contracts.ContractBuilder$DefaultImpls
androidx.activity.R$styleable
com.google.android.gms.maps.internal.zzbn
kotlin.jvm.functions.Function4
androidx.core.widget.PopupWindowCompat
io.flutter.app.FlutterActivityDelegate
androidx.core.content.pm.PermissionInfoCompat
kotlin.io.SerializableKt
androidx.core.view.ViewCompat$ScrollIndicators
com.google.android.gms.common.api.ResolvingResultCallbacks
io.flutter.embedding.android.SplashScreenProvider
androidx.core.view.NestedScrollingParentHelper
kotlin.jvm.internal.ByteSpreadBuilder
kotlin.sequences.SequencesKt___SequencesKt$flatMapIndexed$1
androidx.core.view.accessibility.AccessibilityWindowInfoCompat
androidx.core.location.LocationManagerCompat
com.google.android.gms.common.internal.ServiceSpecificExtraArgs$CastExtraArgs
com.google.android.gms.maps.zzah
com.google.android.gms.common.internal.zal
com.google.android.gms.common.api.ResolvableApiException:
    public android.app.PendingIntent getResolution()
com.google.android.gms.common.api.internal.LifecycleCallback:
    public static com.google.android.gms.common.api.internal.LifecycleFragment getFragment(android.content.ContextWrapper)
com.google.android.gms.maps.model.Polygon:
    public final java.util.List getPoints()
    public final java.util.List getHoles()
    public final float getStrokeWidth()
    public final int getStrokeColor()
    public final void setStrokeJointType(int)
    public final int getStrokeJointType()
    public final void setStrokePattern(java.util.List)
    public final java.util.List getStrokePattern()
    public final int getFillColor()
    public final float getZIndex()
    public final boolean isVisible()
    public final boolean isGeodesic()
    public final boolean isClickable()
    public final void setTag(java.lang.Object)
    public final java.lang.Object getTag()
kotlin.text.Typography
io.flutter.embedding.android.FlutterActivity$CachedEngineIntentBuilder
com.google.android.gms.internal.location.zzal:
    public final void zza(com.google.android.gms.internal.location.zzad)
kotlin.ULongArray
androidx.core.provider.FontsContractCompat$4$6
com.google.android.gms.common.internal.GmsClientEventManager$GmsClientEventState
androidx.core.graphics.ImageDecoderKt
androidx.activity.R$color
com.google.android.gms.maps.model.StreetViewPanoramaOrientation
io.flutter.plugin.common.FlutterException:
    private static final java.lang.String TAG
kotlin.jvm.functions.Function20
androidx.lifecycle.ViewModel:
    java.lang.Object setTagIfAbsent(java.lang.String,java.lang.Object)
    java.lang.Object getTag(java.lang.String)
androidx.annotation.RequiresApi
com.google.android.gms.common.providers.PooledExecutorsProvider
com.google.android.gms.common.zzm
com.google.android.gms.maps.SupportStreetViewPanoramaFragment
androidx.core.graphics.PathKt
kotlin.jvm.internal.LocalVariableReference
com.google.android.gms.common.data.zaa
androidx.core.app.NotificationCompat$DecoratedCustomViewStyle
com.google.android.gms.common.api.internal.zaj
androidx.viewpager.R$color
kotlin.internal.AccessibleLateinitPropertyLiteral
kotlin.jvm.internal.ShortSpreadBuilder
com.google.android.gms.common.R$string:
    private void <init>()